# JRE version: Java(TM) SE Runtime Environment (8.0_60-b27) (build 1.8.0_60-b27)
# Java VM: Java HotSpot(TM) 64-Bit Server VM (25.60-b23 mixed mode windows-amd64 compressed oops)
Heap:
 PSYoungGen      total 141312K, used 108143K [0x00000000d5f80000, 0x00000000e4500000, 0x0000000100000000)
  eden space 131584K, 82% used [0x00000000d5f80000,0x00000000dc91bc68,0x00000000de000000)
  from space 9728K, 0% used [0x00000000de000000,0x00000000de000000,0x00000000de980000)
  to   space 11776K, 0% used [0x00000000e3980000,0x00000000e3980000,0x00000000e4500000)
 ParOldGen       total 68096K, used 15624K [0x0000000081e00000, 0x0000000086080000, 0x00000000d5f80000)
  object space 68096K, 22% used [0x0000000081e00000,0x0000000082d42288,0x0000000086080000)
 Metaspace       used 46715K, capacity 49046K, committed 49368K, reserved 1091584K
  class space    used 6398K, capacity 6805K, committed 6912K, reserved 1048576K
GC Heap History (10 events):
Event: 8.268 GC heap before
{Heap before GC invocations=5 (full 0):
 PSYoungGen      total 71680K, used 28638K [0x00000000d5f80000, 0x00000000daa80000, 0x0000000100000000)
  eden space 66560K, 36% used [0x00000000d5f80000,0x00000000d76f7cc0,0x00000000da080000)
  from space 5120K, 89% used [0x00000000da580000,0x00000000da9ffde0,0x00000000daa80000)
  to   space 5120K, 0% used [0x00000000da080000,0x00000000da080000,0x00000000da580000)
 ParOldGen       total 87552K, used 4828K [0x0000000081e00000, 0x0000000087380000, 0x00000000d5f80000)
  object space 87552K, 5% used [0x0000000081e00000,0x00000000822b7270,0x0000000087380000)
 Metaspace       used 20224K, capacity 21162K, committed 21248K, reserved 1067008K
  class space    used 2532K, capacity 2759K, committed 2816K, reserved 1048576K
Event: 8.277 GC heap after
Heap after GC invocations=5 (full 0):
 PSYoungGen      total 71680K, used 5107K [0x00000000d5f80000, 0x00000000df380000, 0x0000000100000000)
  eden space 66560K, 0% used [0x00000000d5f80000,0x00000000d5f80000,0x00000000da080000)
  from space 5120K, 99% used [0x00000000da080000,0x00000000da57ce10,0x00000000da580000)
  to   space 9216K, 0% used [0x00000000dea80000,0x00000000dea80000,0x00000000df380000)
 ParOldGen       total 87552K, used 6731K [0x0000000081e00000, 0x0000000087380000, 0x00000000d5f80000)
  object space 87552K, 7% used [0x0000000081e00000,0x0000000082492f60,0x0000000087380000)
 Metaspace       used 20224K, capacity 21162K, committed 21248K, reserved 1067008K
  class space    used 2532K, capacity 2759K, committed 2816K, reserved 1048576K
}
Event: 8.277 GC heap before
{Heap before GC invocations=6 (full 1):
 PSYoungGen      total 71680K, used 5107K [0x00000000d5f80000, 0x00000000df380000, 0x0000000100000000)
  eden space 66560K, 0% used [0x00000000d5f80000,0x00000000d5f80000,0x00000000da080000)
  from space 5120K, 99% used [0x00000000da080000,0x00000000da57ce10,0x00000000da580000)
  to   space 9216K, 0% used [0x00000000dea80000,0x00000000dea80000,0x00000000df380000)
 ParOldGen       total 87552K, used 6731K [0x0000000081e00000, 0x0000000087380000, 0x00000000d5f80000)
  object space 87552K, 7% used [0x0000000081e00000,0x0000000082492f60,0x0000000087380000)
 Metaspace       used 20224K, capacity 21162K, committed 21248K, reserved 1067008K
  class space    used 2532K, capacity 2759K, committed 2816K, reserved 1048576K
Event: 8.366 GC heap after
Heap after GC invocations=6 (full 1):
 PSYoungGen      total 71680K, used 0K [0x00000000d5f80000, 0x00000000df380000, 0x0000000100000000)
  eden space 66560K, 0% used [0x00000000d5f80000,0x00000000d5f80000,0x00000000da080000)
  from space 5120K, 0% used [0x00000000da080000,0x00000000da080000,0x00000000da580000)
  to   space 9216K, 0% used [0x00000000dea80000,0x00000000dea80000,0x00000000df380000)
 ParOldGen       total 49664K, used 6919K [0x0000000081e00000, 0x0000000084e80000, 0x00000000d5f80000)
  object space 49664K, 13% used [0x0000000081e00000,0x00000000824c1fa0,0x0000000084e80000)
 Metaspace       used 20224K, capacity 21162K, committed 21248K, reserved 1067008K
  class space    used 2532K, capacity 2759K, committed 2816K, reserved 1048576K
}
Event: 12.214 GC heap before
{Heap before GC invocations=7 (full 1):
 PSYoungGen      total 71680K, used 66560K [0x00000000d5f80000, 0x00000000df380000, 0x0000000100000000)
  eden space 66560K, 100% used [0x00000000d5f80000,0x00000000da080000,0x00000000da080000)
  from space 5120K, 0% used [0x00000000da080000,0x00000000da080000,0x00000000da580000)
  to   space 9216K, 0% used [0x00000000dea80000,0x00000000dea80000,0x00000000df380000)
 ParOldGen       total 49664K, used 6919K [0x0000000081e00000, 0x0000000084e80000, 0x00000000d5f80000)
  object space 49664K, 13% used [0x0000000081e00000,0x00000000824c1fa0,0x0000000084e80000)
 Metaspace       used 25799K, capacity 27646K, committed 27776K, reserved 1073152K
  class space    used 3367K, capacity 3703K, committed 3712K, reserved 1048576K
Event: 12.225 GC heap after
Heap after GC invocations=7 (full 1):
 PSYoungGen      total 129024K, used 8207K [0x00000000d5f80000, 0x00000000df300000, 0x0000000100000000)
  eden space 120320K, 0% used [0x00000000d5f80000,0x00000000d5f80000,0x00000000dd500000)
  from space 8704K, 94% used [0x00000000dea80000,0x00000000df283d58,0x00000000df300000)
  to   space 9728K, 0% used [0x00000000de000000,0x00000000de000000,0x00000000de980000)
 ParOldGen       total 49664K, used 6927K [0x0000000081e00000, 0x0000000084e80000, 0x00000000d5f80000)
  object space 49664K, 13% used [0x0000000081e00000,0x00000000824c3fa0,0x0000000084e80000)
 Metaspace       used 25799K, capacity 27646K, committed 27776K, reserved 1073152K
  class space    used 3367K, capacity 3703K, committed 3712K, reserved 1048576K
}
Event: 19.289 GC heap before
{Heap before GC invocations=8 (full 1):
 PSYoungGen      total 129024K, used 108363K [0x00000000d5f80000, 0x00000000df300000, 0x0000000100000000)
  eden space 120320K, 83% used [0x00000000d5f80000,0x00000000dc14efb0,0x00000000dd500000)
  from space 8704K, 94% used [0x00000000dea80000,0x00000000df283d58,0x00000000df300000)
  to   space 9728K, 0% used [0x00000000de000000,0x00000000de000000,0x00000000de980000)
 ParOldGen       total 49664K, used 6927K [0x0000000081e00000, 0x0000000084e80000, 0x00000000d5f80000)
  object space 49664K, 13% used [0x0000000081e00000,0x00000000824c3fa0,0x0000000084e80000)
 Metaspace       used 33242K, capacity 35304K, committed 35416K, reserved 1079296K
  class space    used 4277K, capacity 4650K, committed 4736K, reserved 1048576K
Event: 19.308 GC heap after
Heap after GC invocations=8 (full 1):
 PSYoungGen      total 141312K, used 9698K [0x00000000d5f80000, 0x00000000e4500000, 0x0000000100000000)
  eden space 131584K, 0% used [0x00000000d5f80000,0x00000000d5f80000,0x00000000de000000)
  from space 9728K, 99% used [0x00000000de000000,0x00000000de978890,0x00000000de980000)
  to   space 11776K, 0% used [0x00000000e3980000,0x00000000e3980000,0x00000000e4500000)
 ParOldGen       total 49664K, used 8493K [0x0000000081e00000, 0x0000000084e80000, 0x00000000d5f80000)
  object space 49664K, 17% used [0x0000000081e00000,0x000000008264b4f8,0x0000000084e80000)
 Metaspace       used 33242K, capacity 35304K, committed 35416K, reserved 1079296K
  class space    used 4277K, capacity 4650K, committed 4736K, reserved 1048576K
}
Event: 19.308 GC heap before
{Heap before GC invocations=9 (full 2):
 PSYoungGen      total 141312K, used 9698K [0x00000000d5f80000, 0x00000000e4500000, 0x0000000100000000)
  eden space 131584K, 0% used [0x00000000d5f80000,0x00000000d5f80000,0x00000000de000000)
  from space 9728K, 99% used [0x00000000de000000,0x00000000de978890,0x00000000de980000)
  to   space 11776K, 0% used [0x00000000e3980000,0x00000000e3980000,0x00000000e4500000)
 ParOldGen       total 49664K, used 8493K [0x0000000081e00000, 0x0000000084e80000, 0x00000000d5f80000)
  object space 49664K, 17% used [0x0000000081e00000,0x000000008264b4f8,0x0000000084e80000)
 Metaspace       used 33242K, capacity 35304K, committed 35416K, reserved 1079296K
  class space    used 4277K, capacity 4650K, committed 4736K, reserved 1048576K
Event: 19.417 GC heap after
Heap after GC invocations=9 (full 2):
 PSYoungGen      total 141312K, used 0K [0x00000000d5f80000, 0x00000000e4500000, 0x0000000100000000)
  eden space 131584K, 0% used [0x00000000d5f80000,0x00000000d5f80000,0x00000000de000000)
  from space 9728K, 0% used [0x00000000de000000,0x00000000de000000,0x00000000de980000)
  to   space 11776K, 0% used [0x00000000e3980000,0x00000000e3980000,0x00000000e4500000)
 ParOldGen       total 68096K, used 15624K [0x0000000081e00000, 0x0000000086080000, 0x00000000d5f80000)
  object space 68096K, 22% used [0x0000000081e00000,0x0000000082d42288,0x0000000086080000)
 Metaspace       used 33242K, capacity 35304K, committed 35416K, reserved 1079296K
  class space    used 4277K, capacity 4650K, committed 4736K, reserved 1048576K
}

